# JRE version: Java(TM) SE Runtime Environment (8.0_05-b13) (build 1.8.0_05-b13)
# Java VM: Java HotSpot(TM) 64-Bit Server VM (25.5-b02 mixed mode windows-amd64 compressed oops)
Heap:
 PSYoungGen      total 58368K, used 36361K [0x00000000eb380000, 0x00000000f0e00000, 0x0000000100000000)
  eden space 54272K, 66% used [0x00000000eb380000,0x00000000ed7024a0,0x00000000ee880000)
  from space 4096K, 0% used [0x00000000ee880000,0x00000000ee880000,0x00000000eec80000)
  to   space 8192K, 0% used [0x00000000f0600000,0x00000000f0600000,0x00000000f0e00000)
 ParOldGen       total 26624K, used 20234K [0x00000000c1a00000, 0x00000000c3400000, 0x00000000eb380000)
  object space 26624K, 76% used [0x00000000c1a00000,0x00000000c2dc2b58,0x00000000c3400000)
 Metaspace       used 23100K, capacity 23640K, committed 23808K, reserved 1071104K
  class space    used 2858K, capacity 3019K, committed 3072K, reserved 1048576K
GC Heap History (10 events):
Event: 1.473 GC heap before
{Heap before GC invocations=14 (full 0):
 PSYoungGen      total 24064K, used 24063K [0x00000000eb380000, 0x00000000edc80000, 0x0000000100000000)
  eden space 20992K, 100% used [0x00000000eb380000,0x00000000ec800000,0x00000000ec800000)
  from space 3072K, 99% used [0x00000000ec800000,0x00000000ecaffc80,0x00000000ecb00000)
  to   space 4096K, 0% used [0x00000000ed880000,0x00000000ed880000,0x00000000edc80000)
 ParOldGen       total 64000K, used 5061K [0x00000000c1a00000, 0x00000000c5880000, 0x00000000eb380000)
  object space 64000K, 7% used [0x00000000c1a00000,0x00000000c1ef1660,0x00000000c5880000)
 Metaspace       used 14471K, capacity 14664K, committed 14976K, reserved 1062912K
  class space    used 1812K, capacity 1908K, committed 1920K, reserved 1048576K
Event: 1.477 GC heap after
Heap after GC invocations=14 (full 0):
 PSYoungGen      total 37888K, used 2206K [0x00000000eb380000, 0x00000000edc80000, 0x0000000100000000)
  eden space 33792K, 0% used [0x00000000eb380000,0x00000000eb380000,0x00000000ed480000)
  from space 4096K, 53% used [0x00000000ed880000,0x00000000edaa7b60,0x00000000edc80000)
  to   space 4096K, 0% used [0x00000000ed480000,0x00000000ed480000,0x00000000ed880000)
 ParOldGen       total 64000K, used 6601K [0x00000000c1a00000, 0x00000000c5880000, 0x00000000eb380000)
  object space 64000K, 10% used [0x00000000c1a00000,0x00000000c2072670,0x00000000c5880000)
 Metaspace       used 14471K, capacity 14664K, committed 14976K, reserved 1062912K
  class space    used 1812K, capacity 1908K, committed 1920K, reserved 1048576K
}
Event: 2.039 GC heap before
{Heap before GC invocations=15 (full 0):
 PSYoungGen      total 37888K, used 35998K [0x00000000eb380000, 0x00000000edc80000, 0x0000000100000000)
  eden space 33792K, 100% used [0x00000000eb380000,0x00000000ed480000,0x00000000ed480000)
  from space 4096K, 53% used [0x00000000ed880000,0x00000000edaa7b60,0x00000000edc80000)
  to   space 4096K, 0% used [0x00000000ed480000,0x00000000ed480000,0x00000000ed880000)
 ParOldGen       total 64000K, used 6601K [0x00000000c1a00000, 0x00000000c5880000, 0x00000000eb380000)
  object space 64000K, 10% used [0x00000000c1a00000,0x00000000c2072670,0x00000000c5880000)
 Metaspace       used 15416K, capacity 15722K, committed 15872K, reserved 1062912K
  class space    used 1914K, capacity 2023K, committed 2048K, reserved 1048576K
Event: 2.043 GC heap after
Heap after GC invocations=15 (full 0):
 PSYoungGen      total 37888K, used 2547K [0x00000000eb380000, 0x00000000ef080000, 0x0000000100000000)
  eden space 33792K, 0% used [0x00000000eb380000,0x00000000eb380000,0x00000000ed480000)
  from space 4096K, 62% used [0x00000000ed480000,0x00000000ed6fcfe0,0x00000000ed880000)
  to   space 4096K, 0% used [0x00000000eec80000,0x00000000eec80000,0x00000000ef080000)
 ParOldGen       total 64000K, used 8193K [0x00000000c1a00000, 0x00000000c5880000, 0x00000000eb380000)
  object space 64000K, 12% used [0x00000000c1a00000,0x00000000c2200670,0x00000000c5880000)
 Metaspace       used 15416K, capacity 15722K, committed 15872K, reserved 1062912K
  class space    used 1914K, capacity 2023K, committed 2048K, reserved 1048576K
}
Event: 2.895 GC heap before
{Heap before GC invocations=16 (full 0):
 PSYoungGen      total 37888K, used 36339K [0x00000000eb380000, 0x00000000ef080000, 0x0000000100000000)
  eden space 33792K, 100% used [0x00000000eb380000,0x00000000ed480000,0x00000000ed480000)
  from space 4096K, 62% used [0x00000000ed480000,0x00000000ed6fcfe0,0x00000000ed880000)
  to   space 4096K, 0% used [0x00000000eec80000,0x00000000eec80000,0x00000000ef080000)
 ParOldGen       total 64000K, used 8193K [0x00000000c1a00000, 0x00000000c5880000, 0x00000000eb380000)
  object space 64000K, 12% used [0x00000000c1a00000,0x00000000c2200670,0x00000000c5880000)
 Metaspace       used 18494K, capacity 18798K, committed 18944K, reserved 1064960K
  class space    used 2333K, capacity 2455K, committed 2560K, reserved 1048576K
Event: 2.900 GC heap after
Heap after GC invocations=16 (full 0):
 PSYoungGen      total 58368K, used 2512K [0x00000000eb380000, 0x00000000ef080000, 0x0000000100000000)
  eden space 54272K, 0% used [0x00000000eb380000,0x00000000eb380000,0x00000000ee880000)
  from space 4096K, 61% used [0x00000000eec80000,0x00000000eeef4238,0x00000000ef080000)
  to   space 4096K, 0% used [0x00000000ee880000,0x00000000ee880000,0x00000000eec80000)
 ParOldGen       total 64000K, used 9721K [0x00000000c1a00000, 0x00000000c5880000, 0x00000000eb380000)
  object space 64000K, 15% used [0x00000000c1a00000,0x00000000c237e670,0x00000000c5880000)
 Metaspace       used 18494K, capacity 18798K, committed 18944K, reserved 1064960K
  class space    used 2333K, capacity 2455K, committed 2560K, reserved 1048576K
}
Event: 3.784 GC heap before
{Heap before GC invocations=17 (full 0):
 PSYoungGen      total 58368K, used 43985K [0x00000000eb380000, 0x00000000ef080000, 0x0000000100000000)
  eden space 54272K, 76% used [0x00000000eb380000,0x00000000edc004c8,0x00000000ee880000)
  from space 4096K, 61% used [0x00000000eec80000,0x00000000eeef4238,0x00000000ef080000)
  to   space 4096K, 0% used [0x00000000ee880000,0x00000000ee880000,0x00000000eec80000)
 ParOldGen       total 64000K, used 9721K [0x00000000c1a00000, 0x00000000c5880000, 0x00000000eb380000)
  object space 64000K, 15% used [0x00000000c1a00000,0x00000000c237e670,0x00000000c5880000)
 Metaspace       used 20893K, capacity 21198K, committed 21296K, reserved 1069056K
  class space    used 2562K, capacity 2679K, committed 2688K, reserved 1048576K
Event: 3.798 GC heap after
Heap after GC invocations=17 (full 0):
 PSYoungGen      total 58368K, used 4087K [0x00000000eb380000, 0x00000000f0e00000, 0x0000000100000000)
  eden space 54272K, 0% used [0x00000000eb380000,0x00000000eb380000,0x00000000ee880000)
  from space 4096K, 99% used [0x00000000ee880000,0x00000000eec7dd28,0x00000000eec80000)
  to   space 8192K, 0% used [0x00000000f0600000,0x00000000f0600000,0x00000000f0e00000)
 ParOldGen       total 64000K, used 18952K [0x00000000c1a00000, 0x00000000c5880000, 0x00000000eb380000)
  object space 64000K, 29% used [0x00000000c1a00000,0x00000000c2c821d0,0x00000000c5880000)
 Metaspace       used 20893K, capacity 21198K, committed 21296K, reserved 1069056K
  class space    used 2562K, capacity 2679K, committed 2688K, reserved 1048576K
}
Event: 3.798 GC heap before
{Heap before GC invocations=18 (full 1):
 PSYoungGen      total 58368K, used 4087K [0x00000000eb380000, 0x00000000f0e00000, 0x0000000100000000)
  eden space 54272K, 0% used [0x00000000eb380000,0x00000000eb380000,0x00000000ee880000)
  from space 4096K, 99% used [0x00000000ee880000,0x00000000eec7dd28,0x00000000eec80000)
  to   space 8192K, 0% used [0x00000000f0600000,0x00000000f0600000,0x00000000f0e00000)
 ParOldGen       total 64000K, used 18952K [0x00000000c1a00000, 0x00000000c5880000, 0x00000000eb380000)
  object space 64000K, 29% used [0x00000000c1a00000,0x00000000c2c821d0,0x00000000c5880000)
 Metaspace       used 20893K, capacity 21198K, committed 21296K, reserved 1069056K
  class space    used 2562K, capacity 2679K, committed 2688K, reserved 1048576K
Event: 3.907 GC heap after
Heap after GC invocations=18 (full 1):
 PSYoungGen      total 58368K, used 0K [0x00000000eb380000, 0x00000000f0e00000, 0x0000000100000000)
  eden space 54272K, 0% used [0x00000000eb380000,0x00000000eb380000,0x00000000ee880000)
  from space 4096K, 0% used [0x00000000ee880000,0x00000000ee880000,0x00000000eec80000)
  to   space 8192K, 0% used [0x00000000f0600000,0x00000000f0600000,0x00000000f0e00000)
 ParOldGen       total 26624K, used 20234K [0x00000000c1a00000, 0x00000000c3400000, 0x00000000eb380000)
  object space 26624K, 76% used [0x00000000c1a00000,0x00000000c2dc2b58,0x00000000c3400000)
 Metaspace       used 20893K, capacity 21198K, committed 21296K, reserved 1069056K
  class space    used 2562K, capacity 2679K, committed 2688K, reserved 1048576K
}

